<?xml version="1.0" encoding="UTF-8"?>
<testng-results ignored="0" total="7" passed="7" failed="0" skipped="0">
  <reporter-output>
  </reporter-output>
  <suite started-at="2022-04-03T17:11:18 AEST" name="Default suite" finished-at="2022-04-03T17:13:03 AEST" duration-ms="105523">
    <groups>
      <group name="cucumber">
        <method signature="AbstractTestNGCucumberTests.runScenario(io.cucumber.testng.PickleWrapper,io.cucumber.testng.FeatureWrapper)[pri:0, instance:StepDefinition.TestRunner@46cdf8bd]" name="runScenario" class="io.cucumber.testng.AbstractTestNGCucumberTests"/>
      </group> <!-- cucumber -->
    </groups>
    <test started-at="2022-04-03T17:11:18 AEST" name="Default test" finished-at="2022-04-03T17:13:03 AEST" duration-ms="105523">
      <class name="StepDefinition.TestRunner">
        <test-method is-config="true" signature="setUpClass(org.testng.ITestContext)[pri:0, instance:StepDefinition.TestRunner@46cdf8bd]" started-at="2022-04-03T17:11:18 AEST" name="setUpClass" finished-at="2022-04-03T17:11:18 AEST" duration-ms="451" status="PASS">
          <params>
            <param index="0">
              <value>
                <![CDATA[org.testng.TestRunner@7e2bc2f4]]>
              </value>
            </param>
          </params>
          <reporter-output>
          </reporter-output>
        </test-method> <!-- setUpClass -->
        <test-method signature="runScenario(io.cucumber.testng.PickleWrapper,io.cucumber.testng.FeatureWrapper)[pri:0, instance:StepDefinition.TestRunner@46cdf8bd]" started-at="2022-04-03T17:11:18 AEST" name="runScenario" description="Runs Cucumber Scenarios" data-provider="scenarios" finished-at="2022-04-03T17:11:29 AEST" duration-ms="11194" status="PASS">
          <params>
            <param index="0">
              <value>
                <![CDATA["Testing the mandatory fields errors in the contact page."]]>
              </value>
            </param>
            <param index="1">
              <value>
                <![CDATA["Optional[Testing Jupiter Toys website]"]]>
              </value>
            </param>
          </params>
          <reporter-output>
          </reporter-output>
        </test-method> <!-- runScenario -->
        <test-method signature="runScenario(io.cucumber.testng.PickleWrapper,io.cucumber.testng.FeatureWrapper)[pri:0, instance:StepDefinition.TestRunner@46cdf8bd]" started-at="2022-04-03T17:11:29 AEST" name="runScenario" description="Runs Cucumber Scenarios" data-provider="scenarios" finished-at="2022-04-03T17:11:53 AEST" duration-ms="23514" status="PASS">
          <params>
            <param index="0">
              <value>
                <![CDATA["Verify user is able to successfully submit feedbacks."]]>
              </value>
            </param>
            <param index="1">
              <value>
                <![CDATA["Optional[Testing Jupiter Toys website]"]]>
              </value>
            </param>
          </params>
          <reporter-output>
          </reporter-output>
        </test-method> <!-- runScenario -->
        <test-method signature="runScenario(io.cucumber.testng.PickleWrapper,io.cucumber.testng.FeatureWrapper)[pri:0, instance:StepDefinition.TestRunner@46cdf8bd]" started-at="2022-04-03T17:11:53 AEST" name="runScenario" description="Runs Cucumber Scenarios" data-provider="scenarios" finished-at="2022-04-03T17:12:07 AEST" duration-ms="14150" status="PASS">
          <params>
            <param index="0">
              <value>
                <![CDATA["Verify user is able to successfully submit feedbacks."]]>
              </value>
            </param>
            <param index="1">
              <value>
                <![CDATA["Optional[Testing Jupiter Toys website]"]]>
              </value>
            </param>
          </params>
          <reporter-output>
          </reporter-output>
        </test-method> <!-- runScenario -->
        <test-method signature="runScenario(io.cucumber.testng.PickleWrapper,io.cucumber.testng.FeatureWrapper)[pri:0, instance:StepDefinition.TestRunner@46cdf8bd]" started-at="2022-04-03T17:12:07 AEST" name="runScenario" description="Runs Cucumber Scenarios" data-provider="scenarios" finished-at="2022-04-03T17:12:27 AEST" duration-ms="19872" status="PASS">
          <params>
            <param index="0">
              <value>
                <![CDATA["Verify user is able to successfully submit feedbacks."]]>
              </value>
            </param>
            <param index="1">
              <value>
                <![CDATA["Optional[Testing Jupiter Toys website]"]]>
              </value>
            </param>
          </params>
          <reporter-output>
          </reporter-output>
        </test-method> <!-- runScenario -->
        <test-method signature="runScenario(io.cucumber.testng.PickleWrapper,io.cucumber.testng.FeatureWrapper)[pri:0, instance:StepDefinition.TestRunner@46cdf8bd]" started-at="2022-04-03T17:12:27 AEST" name="runScenario" description="Runs Cucumber Scenarios" data-provider="scenarios" finished-at="2022-04-03T17:12:39 AEST" duration-ms="12048" status="PASS">
          <params>
            <param index="0">
              <value>
                <![CDATA["Verify user is able to successfully submit feedbacks."]]>
              </value>
            </param>
            <param index="1">
              <value>
                <![CDATA["Optional[Testing Jupiter Toys website]"]]>
              </value>
            </param>
          </params>
          <reporter-output>
          </reporter-output>
        </test-method> <!-- runScenario -->
        <test-method signature="runScenario(io.cucumber.testng.PickleWrapper,io.cucumber.testng.FeatureWrapper)[pri:0, instance:StepDefinition.TestRunner@46cdf8bd]" started-at="2022-04-03T17:12:39 AEST" name="runScenario" description="Runs Cucumber Scenarios" data-provider="scenarios" finished-at="2022-04-03T17:12:49 AEST" duration-ms="10400" status="PASS">
          <params>
            <param index="0">
              <value>
                <![CDATA["Verify user is able to successfully submit feedbacks."]]>
              </value>
            </param>
            <param index="1">
              <value>
                <![CDATA["Optional[Testing Jupiter Toys website]"]]>
              </value>
            </param>
          </params>
          <reporter-output>
          </reporter-output>
        </test-method> <!-- runScenario -->
        <test-method signature="runScenario(io.cucumber.testng.PickleWrapper,io.cucumber.testng.FeatureWrapper)[pri:0, instance:StepDefinition.TestRunner@46cdf8bd]" started-at="2022-04-03T17:12:49 AEST" name="runScenario" description="Runs Cucumber Scenarios" data-provider="scenarios" finished-at="2022-04-03T17:13:03 AEST" duration-ms="13771" status="PASS">
          <params>
            <param index="0">
              <value>
                <![CDATA["Verify that the user can buy multiple products and in the cart, individual price, subtotal price, and total prices are correct."]]>
              </value>
            </param>
            <param index="1">
              <value>
                <![CDATA["Optional[Testing Jupiter Toys website]"]]>
              </value>
            </param>
          </params>
          <reporter-output>
          </reporter-output>
        </test-method> <!-- runScenario -->
        <test-method is-config="true" signature="tearDownClass()[pri:0, instance:StepDefinition.TestRunner@46cdf8bd]" started-at="2022-04-03T17:13:03 AEST" name="tearDownClass" finished-at="2022-04-03T17:13:03 AEST" duration-ms="88" status="PASS">
          <reporter-output>
          </reporter-output>
        </test-method> <!-- tearDownClass -->
      </class> <!-- StepDefinition.TestRunner -->
    </test> <!-- Default test -->
  </suite> <!-- Default suite -->
</testng-results>
